<?xml version="1.0" encoding="UTF-8"?>
<!-- Generated by org.testng.reporters.JUnitReportReporter -->
<testsuite hostname="a25fd49bc1e756a" failures="0" tests="1" name="com.amdocs.ajio.testCases.indexpagetest" time="61.363" errors="0" timestamp="2023-09-18T21:21:25 IST" skipped="0">
  <testcase classname="com.amdocs.ajio.testCases.indexpagetest" name="loginTest" time="61.363"/>
</testsuite> <!-- com.amdocs.ajio.testCases.indexpagetest -->
